0 info it worked if it ends with ok
1 verbose cli [ 'C:\\Program Files\\nodejs\\node.exe',
1 verbose cli   'C:\\Program Files\\nodejs\\node_modules\\npm\\bin\\npm-cli.js',
1 verbose cli   'install',
1 verbose cli   '-g',
1 verbose cli   'cordova',
1 verbose cli   'to',
1 verbose cli   'update.' ]
2 info using npm@2.15.8
3 info using node@v4.4.7
4 verbose install initial load of C:\Users\user\AppData\Roaming\npm\package.json
5 verbose readDependencies loading dependencies from C:\Users\user\AppData\Roaming\npm\package.json
6 silly cache add args [ 'cordova', null ]
7 verbose cache add spec cordova
8 silly cache add args [ 'to', null ]
9 verbose cache add spec to
10 silly cache add args [ 'update.', null ]
11 verbose cache add spec update.
12 silly cache add parsed spec Result {
12 silly cache add   raw: 'cordova',
12 silly cache add   scope: null,
12 silly cache add   name: 'cordova',
12 silly cache add   rawSpec: '',
12 silly cache add   spec: 'latest',
12 silly cache add   type: 'tag' }
13 silly addNamed cordova@latest
14 verbose addNamed "latest" is being treated as a dist-tag for cordova
15 info addNameTag [ 'cordova', 'latest' ]
16 silly mapToRegistry name cordova
17 silly mapToRegistry using default registry
18 silly mapToRegistry registry https://registry.npmjs.org/
19 silly mapToRegistry data Result {
19 silly mapToRegistry   raw: 'cordova',
19 silly mapToRegistry   scope: null,
19 silly mapToRegistry   name: 'cordova',
19 silly mapToRegistry   rawSpec: '',
19 silly mapToRegistry   spec: 'latest',
19 silly mapToRegistry   type: 'tag' }
20 silly mapToRegistry uri https://registry.npmjs.org/cordova
21 verbose addNameTag registry:https://registry.npmjs.org/cordova not in flight; fetching
22 silly cache add parsed spec Result {
22 silly cache add   raw: 'to',
22 silly cache add   scope: null,
22 silly cache add   name: 'to',
22 silly cache add   rawSpec: '',
22 silly cache add   spec: 'latest',
22 silly cache add   type: 'tag' }
23 silly addNamed to@latest
24 verbose addNamed "latest" is being treated as a dist-tag for to
25 info addNameTag [ 'to', 'latest' ]
26 silly mapToRegistry name to
27 silly mapToRegistry using default registry
28 silly mapToRegistry registry https://registry.npmjs.org/
29 silly mapToRegistry data Result {
29 silly mapToRegistry   raw: 'to',
29 silly mapToRegistry   scope: null,
29 silly mapToRegistry   name: 'to',
29 silly mapToRegistry   rawSpec: '',
29 silly mapToRegistry   spec: 'latest',
29 silly mapToRegistry   type: 'tag' }
30 silly mapToRegistry uri https://registry.npmjs.org/to
31 verbose addNameTag registry:https://registry.npmjs.org/to not in flight; fetching
32 silly cache add parsed spec Result {
32 silly cache add   raw: 'update.',
32 silly cache add   scope: null,
32 silly cache add   name: 'update.',
32 silly cache add   rawSpec: '',
32 silly cache add   spec: 'latest',
32 silly cache add   type: 'tag' }
33 silly addNamed update.@latest
34 verbose addNamed "latest" is being treated as a dist-tag for update.
35 info addNameTag [ 'update.', 'latest' ]
36 silly mapToRegistry name update.
37 silly mapToRegistry using default registry
38 silly mapToRegistry registry https://registry.npmjs.org/
39 silly mapToRegistry data Result {
39 silly mapToRegistry   raw: 'update.',
39 silly mapToRegistry   scope: null,
39 silly mapToRegistry   name: 'update.',
39 silly mapToRegistry   rawSpec: '',
39 silly mapToRegistry   spec: 'latest',
39 silly mapToRegistry   type: 'tag' }
40 silly mapToRegistry uri https://registry.npmjs.org/update.
41 verbose addNameTag registry:https://registry.npmjs.org/update. not in flight; fetching
42 verbose request uri https://registry.npmjs.org/update.
43 verbose request no auth needed
44 info attempt registry request try #1 at 16:25:10
45 verbose request id 2dbab467ced006cd
46 http request GET https://registry.npmjs.org/update.
47 verbose request uri https://registry.npmjs.org/to
48 verbose request no auth needed
49 info attempt registry request try #1 at 16:25:10
50 http request GET https://registry.npmjs.org/to
51 verbose request uri https://registry.npmjs.org/cordova
52 verbose request no auth needed
53 info attempt registry request try #1 at 16:25:10
54 verbose etag "CHWJR5AIKEQ58RQXIO27U2NV4"
55 http request GET https://registry.npmjs.org/cordova
56 http 404 https://registry.npmjs.org/update.
57 verbose headers { 'content-type': 'application/json',
57 verbose headers   'cache-control': 'max-age=0',
57 verbose headers   'content-length': '2',
57 verbose headers   'accept-ranges': 'bytes',
57 verbose headers   date: 'Fri, 26 Aug 2016 21:25:08 GMT',
57 verbose headers   via: '1.1 varnish',
57 verbose headers   age: '0',
57 verbose headers   connection: 'keep-alive',
57 verbose headers   'x-served-by': 'cache-atl6249-ATL',
57 verbose headers   'x-cache': 'MISS',
57 verbose headers   'x-cache-hits': '0',
57 verbose headers   'x-timer': 'S1472246708.242296,VS0,VE325',
57 verbose headers   vary: 'Accept-Encoding' }
58 silly get cb [ 404,
58 silly get   { 'content-type': 'application/json',
58 silly get     'cache-control': 'max-age=0',
58 silly get     'content-length': '2',
58 silly get     'accept-ranges': 'bytes',
58 silly get     date: 'Fri, 26 Aug 2016 21:25:08 GMT',
58 silly get     via: '1.1 varnish',
58 silly get     age: '0',
58 silly get     connection: 'keep-alive',
58 silly get     'x-served-by': 'cache-atl6249-ATL',
58 silly get     'x-cache': 'MISS',
58 silly get     'x-cache-hits': '0',
58 silly get     'x-timer': 'S1472246708.242296,VS0,VE325',
58 silly get     vary: 'Accept-Encoding' } ]
59 http 200 https://registry.npmjs.org/to
60 verbose headers { server: 'CouchDB/1.5.0 (Erlang OTP/R16B03)',
60 verbose headers   etag: '"C0CKNCOJZFPGGLNP1OSQMTNDW"',
60 verbose headers   'content-type': 'application/json',
60 verbose headers   'content-encoding': 'gzip',
60 verbose headers   'cache-control': 'max-age=300',
60 verbose headers   'content-length': '4456',
60 verbose headers   'accept-ranges': 'bytes',
60 verbose headers   date: 'Fri, 26 Aug 2016 21:25:08 GMT',
60 verbose headers   via: '1.1 varnish',
60 verbose headers   age: '0',
60 verbose headers   connection: 'keep-alive',
60 verbose headers   'x-served-by': 'cache-atl6241-ATL',
60 verbose headers   'x-cache': 'MISS',
60 verbose headers   'x-cache-hits': '0',
60 verbose headers   'x-timer': 'S1472246708.250398,VS0,VE219',
60 verbose headers   vary: 'Accept-Encoding' }
61 silly get cb [ 200,
61 silly get   { server: 'CouchDB/1.5.0 (Erlang OTP/R16B03)',
61 silly get     etag: '"C0CKNCOJZFPGGLNP1OSQMTNDW"',
61 silly get     'content-type': 'application/json',
61 silly get     'content-encoding': 'gzip',
61 silly get     'cache-control': 'max-age=300',
61 silly get     'content-length': '4456',
61 silly get     'accept-ranges': 'bytes',
61 silly get     date: 'Fri, 26 Aug 2016 21:25:08 GMT',
61 silly get     via: '1.1 varnish',
61 silly get     age: '0',
61 silly get     connection: 'keep-alive',
61 silly get     'x-served-by': 'cache-atl6241-ATL',
61 silly get     'x-cache': 'MISS',
61 silly get     'x-cache-hits': '0',
61 silly get     'x-timer': 'S1472246708.250398,VS0,VE219',
61 silly get     vary: 'Accept-Encoding' } ]
62 verbose get saving to to C:\Users\user\AppData\Roaming\npm-cache\registry.npmjs.org\to\.cache.json
63 verbose correctMkdir C:\Users\user\AppData\Roaming\npm-cache correctMkdir not in flight; initializing
64 http 200 https://registry.npmjs.org/cordova
65 verbose headers { server: 'CouchDB/1.5.0 (Erlang OTP/R16B03)',
65 verbose headers   etag: '"1UAAI5G1VNPX9IS8SWZS62MRS"',
65 verbose headers   'content-type': 'application/json',
65 verbose headers   'content-encoding': 'gzip',
65 verbose headers   'cache-control': 'max-age=300',
65 verbose headers   'content-length': '49647',
65 verbose headers   'accept-ranges': 'bytes',
65 verbose headers   date: 'Fri, 26 Aug 2016 21:25:08 GMT',
65 verbose headers   via: '1.1 varnish',
65 verbose headers   age: '78',
65 verbose headers   connection: 'keep-alive',
65 verbose headers   'x-served-by': 'cache-atl6224-ATL',
65 verbose headers   'x-cache': 'HIT',
65 verbose headers   'x-cache-hits': '1',
65 verbose headers   'x-timer': 'S1472246708.333471,VS0,VE0',
65 verbose headers   vary: 'Accept-Encoding' }
66 silly get cb [ 200,
66 silly get   { server: 'CouchDB/1.5.0 (Erlang OTP/R16B03)',
66 silly get     etag: '"1UAAI5G1VNPX9IS8SWZS62MRS"',
66 silly get     'content-type': 'application/json',
66 silly get     'content-encoding': 'gzip',
66 silly get     'cache-control': 'max-age=300',
66 silly get     'content-length': '49647',
66 silly get     'accept-ranges': 'bytes',
66 silly get     date: 'Fri, 26 Aug 2016 21:25:08 GMT',
66 silly get     via: '1.1 varnish',
66 silly get     age: '78',
66 silly get     connection: 'keep-alive',
66 silly get     'x-served-by': 'cache-atl6224-ATL',
66 silly get     'x-cache': 'HIT',
66 silly get     'x-cache-hits': '1',
66 silly get     'x-timer': 'S1472246708.333471,VS0,VE0',
66 silly get     vary: 'Accept-Encoding' } ]
67 verbose get saving cordova to C:\Users\user\AppData\Roaming\npm-cache\registry.npmjs.org\cordova\.cache.json
68 verbose correctMkdir C:\Users\user\AppData\Roaming\npm-cache correctMkdir not in flight; initializing
69 silly addNameTag next cb for to with tag latest
70 silly addNamed to@0.2.9
71 verbose addNamed "0.2.9" is a plain semver version for to
72 silly mapToRegistry name to
73 silly mapToRegistry using default registry
74 silly mapToRegistry registry https://registry.npmjs.org/
75 silly mapToRegistry data Result {
75 silly mapToRegistry   raw: 'to',
75 silly mapToRegistry   scope: null,
75 silly mapToRegistry   name: 'to',
75 silly mapToRegistry   rawSpec: '',
75 silly mapToRegistry   spec: 'latest',
75 silly mapToRegistry   type: 'tag' }
76 silly mapToRegistry uri https://registry.npmjs.org/to
77 verbose addRemoteTarball https://registry.npmjs.org/to/-/to-0.2.9.tgz not in flight; adding
78 verbose addRemoteTarball [ 'https://registry.npmjs.org/to/-/to-0.2.9.tgz',
78 verbose addRemoteTarball   '0ba5a56fe53538db9205ceb6d7ed217aae4635c4' ]
79 silly addNameTag next cb for cordova with tag latest
80 silly addNamed cordova@6.3.1
81 verbose addNamed "6.3.1" is a plain semver version for cordova
82 info retry fetch attempt 1 at 16:25:12
83 info attempt registry request try #1 at 16:25:12
84 http fetch GET https://registry.npmjs.org/to/-/to-0.2.9.tgz
85 silly mapToRegistry name cordova
86 silly mapToRegistry using default registry
87 silly mapToRegistry registry https://registry.npmjs.org/
88 silly mapToRegistry data Result {
88 silly mapToRegistry   raw: 'cordova',
88 silly mapToRegistry   scope: null,
88 silly mapToRegistry   name: 'cordova',
88 silly mapToRegistry   rawSpec: '',
88 silly mapToRegistry   spec: 'latest',
88 silly mapToRegistry   type: 'tag' }
89 silly mapToRegistry uri https://registry.npmjs.org/cordova
90 verbose addRemoteTarball https://registry.npmjs.org/cordova/-/cordova-6.3.1.tgz not in flight; adding
91 verbose addRemoteTarball [ 'https://registry.npmjs.org/cordova/-/cordova-6.3.1.tgz',
91 verbose addRemoteTarball   '0513fa5c0aee5be63c853b214cfb83382a2f8c61' ]
92 info retry fetch attempt 1 at 16:25:12
93 info attempt registry request try #1 at 16:25:12
94 http fetch GET https://registry.npmjs.org/cordova/-/cordova-6.3.1.tgz
95 http fetch 200 https://registry.npmjs.org/cordova/-/cordova-6.3.1.tgz
96 http fetch 200 https://registry.npmjs.org/to/-/to-0.2.9.tgz
97 silly fetchAndShaCheck shasum 0513fa5c0aee5be63c853b214cfb83382a2f8c61
98 silly fetchAndShaCheck shasum 0ba5a56fe53538db9205ceb6d7ed217aae4635c4
99 verbose addTmpTarball C:\Users\user\AppData\Local\Temp\npm-5200-d5554d6f\registry.npmjs.org\to\-\to-0.2.9.tgz not in flight; adding
100 verbose addTmpTarball already have metadata; skipping unpack for to@0.2.9
101 verbose correctMkdir C:\Users\user\AppData\Roaming\npm-cache correctMkdir not in flight; initializing
102 verbose addTmpTarball C:\Users\user\AppData\Local\Temp\npm-5200-d5554d6f\registry.npmjs.org\cordova\-\cordova-6.3.1.tgz not in flight; adding
103 verbose addTmpTarball already have metadata; skipping unpack for cordova@6.3.1
104 verbose correctMkdir C:\Users\user\AppData\Roaming\npm-cache correctMkdir not in flight; initializing
105 silly cache afterAdd cordova@6.3.1
106 verbose afterAdd C:\Users\user\AppData\Roaming\npm-cache\cordova\6.3.1\package\package.json not in flight; writing
107 verbose correctMkdir C:\Users\user\AppData\Roaming\npm-cache correctMkdir not in flight; initializing
108 silly cache afterAdd to@0.2.9
109 verbose afterAdd C:\Users\user\AppData\Roaming\npm-cache\to\0.2.9\package\package.json not in flight; writing
110 verbose correctMkdir C:\Users\user\AppData\Roaming\npm-cache correctMkdir not in flight; initializing
111 verbose afterAdd C:\Users\user\AppData\Roaming\npm-cache\cordova\6.3.1\package\package.json written
112 verbose afterAdd C:\Users\user\AppData\Roaming\npm-cache\to\0.2.9\package\package.json written
113 verbose stack Error: Registry returned 404 for GET on https://registry.npmjs.org/update.
113 verbose stack     at makeError (C:\Program Files\nodejs\node_modules\npm\node_modules\npm-registry-client\lib\request.js:264:12)
113 verbose stack     at CachingRegistryClient.<anonymous> (C:\Program Files\nodejs\node_modules\npm\node_modules\npm-registry-client\lib\request.js:242:14)
113 verbose stack     at Request._callback (C:\Program Files\nodejs\node_modules\npm\node_modules\npm-registry-client\lib\request.js:172:14)
113 verbose stack     at Request.self.callback (C:\Program Files\nodejs\node_modules\npm\node_modules\request\request.js:200:22)
113 verbose stack     at emitTwo (events.js:87:13)
113 verbose stack     at Request.emit (events.js:172:7)
113 verbose stack     at Request.<anonymous> (C:\Program Files\nodejs\node_modules\npm\node_modules\request\request.js:1067:10)
113 verbose stack     at emitOne (events.js:82:20)
113 verbose stack     at Request.emit (events.js:169:7)
113 verbose stack     at IncomingMessage.<anonymous> (C:\Program Files\nodejs\node_modules\npm\node_modules\request\request.js:988:12)
114 verbose statusCode 404
115 verbose pkgid update.
116 verbose cwd C:\Users\user\Desktop\prueba\app_nucleo
117 error Windows_NT 10.0.10586
118 error argv "C:\\Program Files\\nodejs\\node.exe" "C:\\Program Files\\nodejs\\node_modules\\npm\\bin\\npm-cli.js" "install" "-g" "cordova" "to" "update."
119 error node v4.4.7
120 error npm  v2.15.8
121 error code E404
122 error 404 Registry returned 404 for GET on https://registry.npmjs.org/update.
122 error 404
122 error 404 'update.' is not in the npm registry.
122 error 404 You should bug the author to publish it (or use the name yourself!)
122 error 404
122 error 404 Note that you can also install from a
122 error 404 tarball, folder, http url, or git url.
123 verbose exit [ 1, true ]
